#-----------------------------------------------------------
# Vivado v2016.4 (64-bit)
# SW Build 1756540 on Mon Jan 23 19:11:23 MST 2017
# IP Build 1755317 on Mon Jan 23 20:30:07 MST 2017
# Start of session at: Sat Jun 16 21:19:21 2018
# Process ID: 15460
# Current directory: E:/.Xilinx/MutliCircleCPU
# Command line: vivado.exe -gui_launcher_event rodinguilauncherevent11080 E:\.Xilinx\MutliCircleCPU\MutliCircleCPU.xpr
# Log file: E:/.Xilinx/MutliCircleCPU/vivado.log
# Journal file: E:/.Xilinx/MutliCircleCPU\vivado.jou
#----------------------------------------------------------ststart_guopopen_project E:/.Xilinx/MutliCircleCPU/MutliCircleCPU.xpr
Scanning sources...
Finished scanning sources
INFO: [IP_Flow 19-234] Refreshing IP repositories
INFO: [IP_Flow 19-1704] No user IP repositories specified
INFO: [IP_Flow 19-2313] Loaded Vivado IP repository 'E:/Vivado/2016.4/data/ip'.
exit
INFO: [Common 17-206] Exiting Vivado at Sat Jun 16 21:19:57 2018...
peak = 840.078 ; gain = 152.570
exexiININFO: [Common 17-206] Exiting Vivado at Sat Jun 16 21:20:01 2018...
